   Qt/MSBuild: 3.4.1.0
   Qt: 5.12.1
  IdGenerateHelper.cpp
  Login.cpp
  BlockUserData.cpp
  ContentEntity.cpp
  ImageBrowseWidget.cpp
  PlanTemplate.cpp
  TextMaterialWidget.cpp
  treeitem.cpp
  treemodel.cpp
  XMLPlanParse.cpp
  MessageDialog.cpp
  MessagePanel.cpp
  MessageTipService.cpp
  TipPanel.cpp
  CheckBoxHeaderView.cpp
  ColorComboBox.cpp
  MyColorDialog.cpp
  CustomLineEdit.cpp
  FramelessDialog.cpp
  FramelessWidget.cpp
  ModalDialog.cpp
  ModalessDialog.cpp
  MyTitleBar.cpp
  global.cpp
  MemoryData.cpp
  MemoryDataService.cpp
  SettingService.cpp
  Utils.cpp
  ConnectionPool.cpp
  QtCLog.cpp
  QtZhiban.cpp
  main.cpp
  qrc_QtZhiban.cpp
  qrc_images.cpp
  qrc_qm.cpp
  qrc_qss.cpp
  moc_QtZhiban.cpp
  moc_ImageBrowseWidget.cpp
  moc_TextMaterialWidget.cpp
  moc_Login.cpp
  moc_treemodel.cpp
  moc_MyTitleBar.cpp
  moc_ColorComboBox.cpp
  moc_MyColorDialog.cpp
  moc_MessageDialog.cpp
  moc_MessagePanel.cpp
  moc_MessageTipService.cpp
  moc_TipPanel.cpp
  moc_PlanTemplate.cpp
  moc_XMLPlanParse.cpp
  moc_ModalessDialog.cpp
  moc_ModalDialog.cpp
  moc_FramelessWidget.cpp
  moc_FramelessDialog.cpp
  moc_CustomLineEdit.cpp
  moc_CheckBoxHeaderView.cpp
  moc_QtCLog.cpp
  moc_MemoryDataService.cpp
  moc_SettingService.cpp
Qt5AxContainerd.lib(qaxbase.obj) : warning LNK4099: 未找到 PDB“Qt5AxContainerd.pdb”(使用“Qt5AxContainerd.lib(qaxbase.obj)”或在“D:\4_SZ\QtZhiban\x64\Debug\Qt5AxContainerd.pdb”中寻找)；正在链接对象，如同没有调试信息一样
Qt5AxContainerd.lib(qaxobject.obj) : warning LNK4099: 未找到 PDB“Qt5AxContainerd.pdb”(使用“Qt5AxContainerd.lib(qaxobject.obj)”或在“D:\4_SZ\QtZhiban\x64\Debug\Qt5AxContainerd.pdb”中寻找)；正在链接对象，如同没有调试信息一样
Qt5AxContainerd.lib(qaxtypes.obj) : warning LNK4099: 未找到 PDB“Qt5AxContainerd.pdb”(使用“Qt5AxContainerd.lib(qaxtypes.obj)”或在“D:\4_SZ\QtZhiban\x64\Debug\Qt5AxContainerd.pdb”中寻找)；正在链接对象，如同没有调试信息一样
Qt5AxContainerd.lib(qaxutils.obj) : warning LNK4099: 未找到 PDB“Qt5AxContainerd.pdb”(使用“Qt5AxContainerd.lib(qaxutils.obj)”或在“D:\4_SZ\QtZhiban\x64\Debug\Qt5AxContainerd.pdb”中寻找)；正在链接对象，如同没有调试信息一样
Qt5AxBased.lib(qaxtypefunctions.obj) : warning LNK4099: 未找到 PDB“Qt5AxBased.pdb”(使用“Qt5AxBased.lib(qaxtypefunctions.obj)”或在“D:\4_SZ\QtZhiban\x64\Debug\Qt5AxBased.pdb”中寻找)；正在链接对象，如同没有调试信息一样
  QtZhiban.vcxproj -> D:\4_SZ\QtZhiban\x64\Debug\QtZhiban.exe
