d:\4_sz\qtzhiban\qtzhiban\x64\debug\blockuserdata.obj
d:\4_sz\qtzhiban\qtzhiban\x64\debug\mytitlebar.obj
d:\4_sz\qtzhiban\qtzhiban\x64\debug\messagetipservice.obj
d:\4_sz\qtzhiban\qtzhiban\x64\debug\connectionpool.obj
d:\4_sz\qtzhiban\qtzhiban\x64\debug\idgeneratehelper.obj
d:\4_sz\qtzhiban\qtzhiban\x64\debug\modalessdialog.obj
d:\4_sz\qtzhiban\qtzhiban\x64\debug\imagebrowsewidget.obj
d:\4_sz\qtzhiban\qtzhiban\x64\debug\global.obj
d:\4_sz\qtzhiban\qtzhiban\x64\debug\checkboxheaderview.obj
d:\4_sz\qtzhiban\qtzhiban\x64\debug\settingservice.obj
d:\4_sz\qtzhiban\qtzhiban\x64\debug\mycolordialog.obj
d:\4_sz\qtzhiban\qtzhiban\x64\debug\memorydataservice.obj
d:\4_sz\qtzhiban\qtzhiban\x64\debug\messagepanel.obj
d:\4_sz\qtzhiban\qtzhiban\x64\debug\utils.obj
d:\4_sz\qtzhiban\qtzhiban\x64\debug\messagedialog.obj
d:\4_sz\qtzhiban\qtzhiban\x64\debug\qtzhiban.obj
d:\4_sz\qtzhiban\qtzhiban\x64\debug\plantemplate.obj
d:\4_sz\qtzhiban\qtzhiban\x64\debug\framelesswidget.obj
d:\4_sz\qtzhiban\qtzhiban\x64\debug\xmlplanparse.obj
d:\4_sz\qtzhiban\qtzhiban\x64\debug\qtclog.obj
d:\4_sz\qtzhiban\qtzhiban\x64\debug\contententity.obj
d:\4_sz\qtzhiban\qtzhiban\x64\debug\framelessdialog.obj
d:\4_sz\qtzhiban\qtzhiban\x64\debug\colorcombobox.obj
d:\4_sz\qtzhiban\qtzhiban\x64\debug\main.obj
d:\4_sz\qtzhiban\qtzhiban\x64\debug\textmaterialwidget.obj
d:\4_sz\qtzhiban\qtzhiban\x64\debug\tippanel.obj
d:\4_sz\qtzhiban\qtzhiban\x64\debug\memorydata.obj
d:\4_sz\qtzhiban\qtzhiban\x64\debug\customlineedit.obj
d:\4_sz\qtzhiban\qtzhiban\x64\debug\modaldialog.obj
d:\4_sz\qtzhiban\qtzhiban\x64\debug\login.obj
d:\4_sz\qtzhiban\qtzhiban\x64\debug\vc145.pdb
d:\4_sz\qtzhiban\qtzhiban\x64\debug\qrc_images.obj
d:\4_sz\qtzhiban\qtzhiban\x64\debug\qrc_qm.obj
d:\4_sz\qtzhiban\qtzhiban\x64\debug\qrc_qss.obj
d:\4_sz\qtzhiban\qtzhiban\x64\debug\qrc_qtzhiban.obj
d:\4_sz\qtzhiban\qtzhiban\x64\debug\moc_xmlplanparse.obj
d:\4_sz\qtzhiban\qtzhiban\x64\debug\moc_messagedialog.obj
d:\4_sz\qtzhiban\qtzhiban\x64\debug\moc_modalessdialog.obj
d:\4_sz\qtzhiban\qtzhiban\x64\debug\moc_login.obj
d:\4_sz\qtzhiban\qtzhiban\x64\debug\moc_colorcombobox.obj
d:\4_sz\qtzhiban\qtzhiban\x64\debug\moc_textmaterialwidget.obj
d:\4_sz\qtzhiban\qtzhiban\x64\debug\moc_messagetipservice.obj
d:\4_sz\qtzhiban\qtzhiban\x64\debug\moc_framelessdialog.obj
d:\4_sz\qtzhiban\qtzhiban\x64\debug\moc_qtzhiban.obj
d:\4_sz\qtzhiban\qtzhiban\x64\debug\moc_mytitlebar.obj
d:\4_sz\qtzhiban\qtzhiban\x64\debug\moc_checkboxheaderview.obj
d:\4_sz\qtzhiban\qtzhiban\x64\debug\moc_tippanel.obj
d:\4_sz\qtzhiban\qtzhiban\x64\debug\moc_mycolordialog.obj
d:\4_sz\qtzhiban\qtzhiban\x64\debug\moc_plantemplate.obj
d:\4_sz\qtzhiban\qtzhiban\x64\debug\moc_customlineedit.obj
d:\4_sz\qtzhiban\qtzhiban\x64\debug\moc_framelesswidget.obj
d:\4_sz\qtzhiban\qtzhiban\x64\debug\moc_qtclog.obj
d:\4_sz\qtzhiban\qtzhiban\x64\debug\moc_modaldialog.obj
d:\4_sz\qtzhiban\qtzhiban\x64\debug\moc_messagepanel.obj
d:\4_sz\qtzhiban\qtzhiban\x64\debug\moc_settingservice.obj
d:\4_sz\qtzhiban\qtzhiban\x64\debug\moc_imagebrowsewidget.obj
d:\4_sz\qtzhiban\qtzhiban\x64\debug\moc_memorydataservice.obj
d:\4_sz\qtzhiban\qtzhiban\x64\debug\vc145.idb
d:\4_sz\qtzhiban\x64\debug\qtzhiban.exe
d:\4_sz\qtzhiban\x64\debug\qtzhiban.pdb
d:\4_sz\qtzhiban\qtzhiban\x64\debug\qt\moc\moc_qtzhiban.cpp
d:\4_sz\qtzhiban\qtzhiban\x64\debug\qt\moc\moc_imagebrowsewidget.cpp
d:\4_sz\qtzhiban\qtzhiban\x64\debug\qt\moc\moc_textmaterialwidget.cpp
d:\4_sz\qtzhiban\qtzhiban\x64\debug\qt\moc\moc_login.cpp
d:\4_sz\qtzhiban\qtzhiban\x64\debug\qt\moc\moc_mytitlebar.cpp
d:\4_sz\qtzhiban\qtzhiban\x64\debug\qt\moc\moc_colorcombobox.cpp
d:\4_sz\qtzhiban\qtzhiban\x64\debug\qt\moc\moc_mycolordialog.cpp
d:\4_sz\qtzhiban\qtzhiban\x64\debug\qt\moc\moc_messagedialog.cpp
d:\4_sz\qtzhiban\qtzhiban\x64\debug\qt\moc\moc_messagepanel.cpp
d:\4_sz\qtzhiban\qtzhiban\x64\debug\qt\moc\moc_messagetipservice.cpp
d:\4_sz\qtzhiban\qtzhiban\x64\debug\qt\moc\moc_tippanel.cpp
d:\4_sz\qtzhiban\qtzhiban\x64\debug\qt\moc\moc_plantemplate.cpp
d:\4_sz\qtzhiban\qtzhiban\x64\debug\qt\moc\moc_xmlplanparse.cpp
d:\4_sz\qtzhiban\qtzhiban\x64\debug\qt\moc\moc_modalessdialog.cpp
d:\4_sz\qtzhiban\qtzhiban\x64\debug\qt\moc\moc_modaldialog.cpp
d:\4_sz\qtzhiban\qtzhiban\x64\debug\qt\moc\moc_framelesswidget.cpp
d:\4_sz\qtzhiban\qtzhiban\x64\debug\qt\moc\moc_framelessdialog.cpp
d:\4_sz\qtzhiban\qtzhiban\x64\debug\qt\moc\moc_customlineedit.cpp
d:\4_sz\qtzhiban\qtzhiban\x64\debug\qt\moc\moc_checkboxheaderview.cpp
d:\4_sz\qtzhiban\qtzhiban\x64\debug\qt\moc\moc_qtclog.cpp
d:\4_sz\qtzhiban\qtzhiban\x64\debug\qt\moc\moc_memorydataservice.cpp
d:\4_sz\qtzhiban\qtzhiban\x64\debug\qt\moc\moc_settingservice.cpp
d:\4_sz\qtzhiban\qtzhiban\x64\debug\qt\uic\ui_login.h
d:\4_sz\qtzhiban\qtzhiban\x64\debug\qt\uic\ui_imagebrowsewidget.h
d:\4_sz\qtzhiban\qtzhiban\x64\debug\qt\uic\ui_textmaterialwidget.h
d:\4_sz\qtzhiban\qtzhiban\x64\debug\qt\uic\ui_qtzhiban.h
d:\4_sz\qtzhiban\qtzhiban\x64\debug\qt\uic\ui_messagedialog.h
d:\4_sz\qtzhiban\qtzhiban\x64\debug\qt\uic\ui_messagepanel.h
d:\4_sz\qtzhiban\qtzhiban\x64\debug\qt\uic\ui_tippanel.h
d:\4_sz\qtzhiban\qtzhiban\x64\debug\qt\rcc\qrc_qtzhiban.cpp
d:\4_sz\qtzhiban\qtzhiban\x64\debug\qt\rcc\qrc_images.cpp
d:\4_sz\qtzhiban\qtzhiban\x64\debug\qt\rcc\qrc_qm.cpp
d:\4_sz\qtzhiban\qtzhiban\x64\debug\qt\rcc\qrc_qss.cpp
d:\4_sz\qtzhiban\qtzhiban\x64\debug\qtzhiban.res
d:\4_sz\qtzhiban\qtzhiban\x64\debug\qtzhiban.ilk
d:\4_sz\qtzhiban\qtzhiban\x64\debug\qtzhiban.tlog\cl.command.1.tlog
d:\4_sz\qtzhiban\qtzhiban\x64\debug\qtzhiban.tlog\cl.items.tlog
d:\4_sz\qtzhiban\qtzhiban\x64\debug\qtzhiban.tlog\cl.read.1.tlog
d:\4_sz\qtzhiban\qtzhiban\x64\debug\qtzhiban.tlog\cl.write.1.tlog
d:\4_sz\qtzhiban\qtzhiban\x64\debug\qtzhiban.tlog\link.command.1.tlog
d:\4_sz\qtzhiban\qtzhiban\x64\debug\qtzhiban.tlog\link.read.1.tlog
d:\4_sz\qtzhiban\qtzhiban\x64\debug\qtzhiban.tlog\link.secondary.1.tlog
d:\4_sz\qtzhiban\qtzhiban\x64\debug\qtzhiban.tlog\link.write.1.tlog
d:\4_sz\qtzhiban\qtzhiban\x64\debug\qtzhiban.tlog\moc.read.1u.tlog
d:\4_sz\qtzhiban\qtzhiban\x64\debug\qtzhiban.tlog\moc.write.1u.tlog
d:\4_sz\qtzhiban\qtzhiban\x64\debug\qtzhiban.tlog\qtzhiban.write.1u.tlog
d:\4_sz\qtzhiban\qtzhiban\x64\debug\qtzhiban.tlog\rc.command.1.tlog
d:\4_sz\qtzhiban\qtzhiban\x64\debug\qtzhiban.tlog\rc.read.1.tlog
d:\4_sz\qtzhiban\qtzhiban\x64\debug\qtzhiban.tlog\rc.write.1.tlog
d:\4_sz\qtzhiban\qtzhiban\x64\debug\qtzhiban.tlog\rcc.read.1u.tlog
d:\4_sz\qtzhiban\qtzhiban\x64\debug\qtzhiban.tlog\rcc.write.1u.tlog
d:\4_sz\qtzhiban\qtzhiban\x64\debug\qtzhiban.tlog\uic.read.1u.tlog
d:\4_sz\qtzhiban\qtzhiban\x64\debug\qtzhiban.tlog\uic.write.1u.tlog
