d:\share\qtzhiban\qtzhiban\x64\release\moc_newtaskdialog.obj
d:\share\qtzhiban\qtzhiban\x64\release\moc_messagetipservice.obj
d:\share\qtzhiban\qtzhiban\x64\release\moc_tippanel.obj
d:\share\qtzhiban\qtzhiban\x64\release\moc_messagepanel.obj
d:\share\qtzhiban\qtzhiban\x64\release\moc_framelesswidget.obj
d:\share\qtzhiban\qtzhiban\x64\release\moc_messagedialog.obj
d:\share\qtzhiban\qtzhiban\x64\release\moc_framelessdialog.obj
d:\share\qtzhiban\qtzhiban\x64\release\moc_login.obj
d:\share\qtzhiban\qtzhiban\x64\release\moc_memorydataservice.obj
d:\share\qtzhiban\qtzhiban\x64\release\moc_imagebrowsewidget.obj
d:\share\qtzhiban\qtzhiban\x64\release\moc_modaldialog.obj
d:\share\qtzhiban\qtzhiban\x64\release\moc_mainwindow.obj
d:\share\qtzhiban\qtzhiban\x64\release\moc_paibanwidget.obj
d:\share\qtzhiban\qtzhiban\x64\release\moc_colorcombobox.obj
d:\share\qtzhiban\qtzhiban\x64\release\moc_editwnd.obj
d:\share\qtzhiban\qtzhiban\x64\release\moc_textmaterialwidget.obj
d:\share\qtzhiban\qtzhiban\x64\release\moc_qtclog.obj
d:\share\qtzhiban\qtzhiban\x64\release\moc_wordviewer.obj
d:\share\qtzhiban\qtzhiban\x64\release\moc_customlineedit.obj
d:\share\qtzhiban\qtzhiban\x64\release\moc_calandarwidget.obj
d:\share\qtzhiban\qtzhiban\x64\release\moc_modalessdialog.obj
d:\share\qtzhiban\qtzhiban\x64\release\moc_qtzhiban.obj
d:\share\qtzhiban\qtzhiban\x64\release\moc_mycolordialog.obj
d:\share\qtzhiban\qtzhiban\x64\release\moc_checkboxheaderview.obj
d:\share\qtzhiban\qtzhiban\x64\release\moc_mytitlebar.obj
d:\share\qtzhiban\qtzhiban\x64\release\moc_plantemplate.obj
d:\share\qtzhiban\qtzhiban\x64\release\moc_stdatewidget.obj
d:\share\qtzhiban\qtzhiban\x64\release\moc_xmlplanparse.obj
d:\share\qtzhiban\qtzhiban\x64\release\moc_planwnd.obj
d:\share\qtzhiban\qtzhiban\x64\release\moc_settingservice.obj
d:\share\qtzhiban\qtzhiban\x64\release\messagetipservice.obj
d:\share\qtzhiban\qtzhiban\x64\release\wordviewer.obj
d:\share\qtzhiban\qtzhiban\x64\release\messagepanel.obj
d:\share\qtzhiban\qtzhiban\x64\release\mytitlebar.obj
d:\share\qtzhiban\qtzhiban\x64\release\newtaskdialog.obj
d:\share\qtzhiban\qtzhiban\x64\release\global.obj
d:\share\qtzhiban\qtzhiban\x64\release\xmlplanparse.obj
d:\share\qtzhiban\qtzhiban\x64\release\calandarwidget.obj
d:\share\qtzhiban\qtzhiban\x64\release\iomanager.obj
d:\share\qtzhiban\qtzhiban\x64\release\checkboxheaderview.obj
d:\share\qtzhiban\qtzhiban\x64\release\utils.obj
d:\share\qtzhiban\qtzhiban\x64\release\textmaterialwidget.obj
d:\share\qtzhiban\qtzhiban\x64\release\stdatewidget.obj
d:\share\qtzhiban\qtzhiban\x64\release\blockuserdata.obj
d:\share\qtzhiban\qtzhiban\x64\release\customlineedit.obj
d:\share\qtzhiban\qtzhiban\x64\release\editwnd.obj
d:\share\qtzhiban\qtzhiban\x64\release\messagedialog.obj
d:\share\qtzhiban\qtzhiban\x64\release\modalessdialog.obj
d:\share\qtzhiban\qtzhiban\x64\release\main.obj
d:\share\qtzhiban\qtzhiban\x64\release\login.obj
d:\share\qtzhiban\qtzhiban\x64\release\memorydataservice.obj
d:\share\qtzhiban\qtzhiban\x64\release\mainwindow.obj
d:\share\qtzhiban\qtzhiban\x64\release\memorydata.obj
d:\share\qtzhiban\qtzhiban\x64\release\planwnd.obj
d:\share\qtzhiban\qtzhiban\x64\release\settingservice.obj
d:\share\qtzhiban\qtzhiban\x64\release\imagebrowsewidget.obj
d:\share\qtzhiban\qtzhiban\x64\release\framelessdialog.obj
d:\share\qtzhiban\qtzhiban\x64\release\paibanwidget.obj
d:\share\qtzhiban\qtzhiban\x64\release\contententity.obj
d:\share\qtzhiban\qtzhiban\x64\release\colorcombobox.obj
d:\share\qtzhiban\qtzhiban\x64\release\connectionpool.obj
d:\share\qtzhiban\qtzhiban\x64\release\tippanel.obj
d:\share\qtzhiban\qtzhiban\x64\release\framelesswidget.obj
d:\share\qtzhiban\qtzhiban\x64\release\qtzhiban.obj
d:\share\qtzhiban\qtzhiban\x64\release\plantemplate.obj
d:\share\qtzhiban\qtzhiban\x64\release\mycolordialog.obj
d:\share\qtzhiban\qtzhiban\x64\release\qtclog.obj
d:\share\qtzhiban\qtzhiban\x64\release\idgeneratehelper.obj
d:\share\qtzhiban\qtzhiban\x64\release\modaldialog.obj
d:\share\qtzhiban\qtzhiban\x64\release\vc143.pdb
d:\share\qtzhiban\qtzhiban\x64\release\qrc_qss.obj
d:\share\qtzhiban\qtzhiban\x64\release\qrc_qtzhiban.obj
d:\share\qtzhiban\qtzhiban\x64\release\qrc_images.obj
d:\share\qtzhiban\qtzhiban\x64\release\qrc_qm.obj
d:\share\qtzhiban\x64\release\qtzhiban.exe
d:\share\qtzhiban\qtzhiban\x64\release\qt\moc\moc_qtzhiban.cpp
d:\share\qtzhiban\qtzhiban\x64\release\qt\moc\moc_calandarwidget.cpp
d:\share\qtzhiban\qtzhiban\x64\release\qt\moc\moc_stdatewidget.cpp
d:\share\qtzhiban\qtzhiban\x64\release\qt\moc\moc_wordviewer.cpp
d:\share\qtzhiban\qtzhiban\x64\release\qt\moc\moc_imagebrowsewidget.cpp
d:\share\qtzhiban\qtzhiban\x64\release\qt\moc\moc_textmaterialwidget.cpp
d:\share\qtzhiban\qtzhiban\x64\release\qt\moc\moc_planwnd.cpp
d:\share\qtzhiban\qtzhiban\x64\release\qt\moc\moc_newtaskdialog.cpp
d:\share\qtzhiban\qtzhiban\x64\release\qt\moc\moc_mainwindow.cpp
d:\share\qtzhiban\qtzhiban\x64\release\qt\moc\moc_login.cpp
d:\share\qtzhiban\qtzhiban\x64\release\qt\moc\moc_mytitlebar.cpp
d:\share\qtzhiban\qtzhiban\x64\release\qt\moc\moc_colorcombobox.cpp
d:\share\qtzhiban\qtzhiban\x64\release\qt\moc\moc_mycolordialog.cpp
d:\share\qtzhiban\qtzhiban\x64\release\qt\moc\moc_messagedialog.cpp
d:\share\qtzhiban\qtzhiban\x64\release\qt\moc\moc_messagepanel.cpp
d:\share\qtzhiban\qtzhiban\x64\release\qt\moc\moc_messagetipservice.cpp
d:\share\qtzhiban\qtzhiban\x64\release\qt\moc\moc_tippanel.cpp
d:\share\qtzhiban\qtzhiban\x64\release\qt\moc\moc_plantemplate.cpp
d:\share\qtzhiban\qtzhiban\x64\release\qt\moc\moc_xmlplanparse.cpp
d:\share\qtzhiban\qtzhiban\x64\release\qt\moc\moc_modalessdialog.cpp
d:\share\qtzhiban\qtzhiban\x64\release\qt\moc\moc_modaldialog.cpp
d:\share\qtzhiban\qtzhiban\x64\release\qt\moc\moc_framelesswidget.cpp
d:\share\qtzhiban\qtzhiban\x64\release\qt\moc\moc_framelessdialog.cpp
d:\share\qtzhiban\qtzhiban\x64\release\qt\moc\moc_customlineedit.cpp
d:\share\qtzhiban\qtzhiban\x64\release\qt\moc\moc_checkboxheaderview.cpp
d:\share\qtzhiban\qtzhiban\x64\release\qt\moc\moc_qtclog.cpp
d:\share\qtzhiban\qtzhiban\x64\release\qt\moc\moc_editwnd.cpp
d:\share\qtzhiban\qtzhiban\x64\release\qt\moc\moc_memorydataservice.cpp
d:\share\qtzhiban\qtzhiban\x64\release\qt\moc\moc_settingservice.cpp
d:\share\qtzhiban\qtzhiban\x64\release\qt\moc\moc_paibanwidget.cpp
d:\share\qtzhiban\qtzhiban\x64\release\qt\uic\ui_calandarwidget.h
d:\share\qtzhiban\qtzhiban\x64\release\qt\uic\ui_planwnd.h
d:\share\qtzhiban\qtzhiban\x64\release\qt\uic\ui_login.h
d:\share\qtzhiban\qtzhiban\x64\release\qt\uic\ui_paibanwidget.h
d:\share\qtzhiban\qtzhiban\x64\release\qt\uic\ui_imagebrowsewidget.h
d:\share\qtzhiban\qtzhiban\x64\release\qt\uic\ui_textmaterialwidget.h
d:\share\qtzhiban\qtzhiban\x64\release\qt\uic\ui_qtzhiban.h
d:\share\qtzhiban\qtzhiban\x64\release\qt\uic\ui_messagedialog.h
d:\share\qtzhiban\qtzhiban\x64\release\qt\uic\ui_messagepanel.h
d:\share\qtzhiban\qtzhiban\x64\release\qt\uic\ui_tippanel.h
d:\share\qtzhiban\qtzhiban\x64\release\qt\uic\ui_newtaskdialog.h
d:\share\qtzhiban\qtzhiban\x64\release\qt\uic\ui_wordviewer.h
d:\share\qtzhiban\qtzhiban\x64\release\qt\rcc\qrc_qtzhiban.cpp
d:\share\qtzhiban\qtzhiban\x64\release\qt\rcc\qrc_images.cpp
d:\share\qtzhiban\qtzhiban\x64\release\qt\rcc\qrc_qm.cpp
d:\share\qtzhiban\qtzhiban\x64\release\qt\rcc\qrc_qss.cpp
d:\share\qtzhiban\qtzhiban\x64\release\qtzhiban.res
d:\share\qtzhiban\qtzhiban\x64\release\qtzhiban.ipdb
d:\share\qtzhiban\qtzhiban\x64\release\qtzhiban.iobj
d:\share\qtzhiban\qtzhiban\x64\release\qtzhiban.tlog\cl.11648.write.1.tlog
d:\share\qtzhiban\qtzhiban\x64\release\qtzhiban.tlog\cl.command.1.tlog
d:\share\qtzhiban\qtzhiban\x64\release\qtzhiban.tlog\cl.items.tlog
d:\share\qtzhiban\qtzhiban\x64\release\qtzhiban.tlog\cl.read.1.tlog
d:\share\qtzhiban\qtzhiban\x64\release\qtzhiban.tlog\link.command.1.tlog
d:\share\qtzhiban\qtzhiban\x64\release\qtzhiban.tlog\link.read.1.tlog
d:\share\qtzhiban\qtzhiban\x64\release\qtzhiban.tlog\link.secondary.1.tlog
d:\share\qtzhiban\qtzhiban\x64\release\qtzhiban.tlog\link.write.1.tlog
d:\share\qtzhiban\qtzhiban\x64\release\qtzhiban.tlog\moc.read.1u.tlog
d:\share\qtzhiban\qtzhiban\x64\release\qtzhiban.tlog\moc.write.1u.tlog
d:\share\qtzhiban\qtzhiban\x64\release\qtzhiban.tlog\qtzhiban.write.1u.tlog
d:\share\qtzhiban\qtzhiban\x64\release\qtzhiban.tlog\rc.command.1.tlog
d:\share\qtzhiban\qtzhiban\x64\release\qtzhiban.tlog\rc.read.1.tlog
d:\share\qtzhiban\qtzhiban\x64\release\qtzhiban.tlog\rc.write.1.tlog
d:\share\qtzhiban\qtzhiban\x64\release\qtzhiban.tlog\rcc.read.1u.tlog
d:\share\qtzhiban\qtzhiban\x64\release\qtzhiban.tlog\rcc.write.1u.tlog
d:\share\qtzhiban\qtzhiban\x64\release\qtzhiban.tlog\uic.read.1u.tlog
d:\share\qtzhiban\qtzhiban\x64\release\qtzhiban.tlog\uic.write.1u.tlog
